[debug] [2026-03-19T09:52:36.468Z] ----------------------------------------------------------------------
[debug] [2026-03-19T09:52:36.471Z] Command:       C:\Program Files\nodejs\node.exe C:\Users\shaik\AppData\Roaming\npm\node_modules\firebase-tools\lib\bin\firebase.js init hosting
[debug] [2026-03-19T09:52:36.471Z] CLI Version:   15.6.0
[debug] [2026-03-19T09:52:36.471Z] Platform:      win32
[debug] [2026-03-19T09:52:36.472Z] Node Version:  v22.20.0
[debug] [2026-03-19T09:52:36.472Z] Time:          Thu Mar 19 2026 15:22:36 GMT+0530 (India Standard Time)
[debug] [2026-03-19T09:52:36.472Z] ----------------------------------------------------------------------
[debug] 
[info] 
     ######## #### ########  ######## ########     ###     ######  ########
     ##        ##  ##     ## ##       ##     ##  ##   ##  ##       ##
     ######    ##  ########  ######   ########  #########  ######  ######
     ##        ##  ##    ##  ##       ##     ## ##     ##       ## ##
     ##       #### ##     ## ######## ########  ##     ##  ######  ########

You're about to initialize a Firebase project in this directory:

  C:\Users\shaik\OneDrive\Desktop\VIBETECH 3D

Before we get started, keep in mind:

  * You are initializing within an existing Firebase project directory

[info] 
=== Project Setup
[info] 
[info] First, let's associate this project directory with a Firebase project.
[info] You can create multiple project aliases by running firebase use --add, 
[info] 
[debug] [2026-03-19T09:52:45.563Z] > command requires scopes: ["email","openid","https://www.googleapis.com/auth/cloudplatformprojects.readonly","https://www.googleapis.com/auth/firebase","https://www.googleapis.com/auth/cloud-platform"]
[debug] [2026-03-19T09:52:45.565Z] > authorizing via signed-in user (shaikhanas1469@gmail.com)
[debug] [2026-03-19T09:52:45.567Z] Checked if tokens are valid: false, expires at: 1772655698636
[debug] [2026-03-19T09:52:45.567Z] Checked if tokens are valid: false, expires at: 1772655698636
[debug] [2026-03-19T09:52:45.568Z] > refreshing access token with scopes: []
[debug] [2026-03-19T09:52:45.573Z] >>> [apiv2][query] POST https://www.googleapis.com/oauth2/v3/token [none]
[debug] [2026-03-19T09:52:45.574Z] >>> [apiv2][body] POST https://www.googleapis.com/oauth2/v3/token [omitted]
[debug] [2026-03-19T09:52:45.788Z] <<< [apiv2][status] POST https://www.googleapis.com/oauth2/v3/token 400
[debug] [2026-03-19T09:52:45.788Z] <<< [apiv2][body] POST https://www.googleapis.com/oauth2/v3/token [omitted]
[debug] [2026-03-19T09:52:45.789Z] >>> [apiv2][query] GET https://firebase.googleapis.com/v1beta1/projects/viibetechnexus [none]
[debug] [2026-03-19T09:52:46.022Z] <<< [apiv2][status] GET https://firebase.googleapis.com/v1beta1/projects/viibetechnexus 401
[debug] [2026-03-19T09:52:46.022Z] <<< [apiv2][body] GET https://firebase.googleapis.com/v1beta1/projects/viibetechnexus {"error":{"code":401,"message":"Request had invalid authentication credentials. Expected OAuth 2 access token, login cookie or other valid authentication credential. See https://developers.google.com/identity/sign-in/web/devconsole-project.","status":"UNAUTHENTICATED"}}
[debug] [2026-03-19T09:52:46.022Z] Got a 401 Unauthenticated error for a call that required authentication. Refreshing tokens.
[debug] [2026-03-19T09:52:46.023Z] Checked if tokens are valid: false, expires at: 1772655698636
[debug] [2026-03-19T09:52:46.023Z] Checked if tokens are valid: false, expires at: 1772655698636
[debug] [2026-03-19T09:52:46.023Z] > refreshing access token with scopes: []
[debug] [2026-03-19T09:52:46.024Z] >>> [apiv2][query] POST https://www.googleapis.com/oauth2/v3/token [none]
[debug] [2026-03-19T09:52:46.024Z] >>> [apiv2][body] POST https://www.googleapis.com/oauth2/v3/token [omitted]
[debug] [2026-03-19T09:52:46.110Z] <<< [apiv2][status] POST https://www.googleapis.com/oauth2/v3/token 400
[debug] [2026-03-19T09:52:46.110Z] <<< [apiv2][body] POST https://www.googleapis.com/oauth2/v3/token [omitted]
[debug] [2026-03-19T09:52:46.112Z] Request to https://firebase.googleapis.com/v1beta1/projects/viibetechnexus had HTTP Error: 401, Request had invalid authentication credentials. Expected OAuth 2 access token, login cookie or other valid authentication credential. See https://developers.google.com/identity/sign-in/web/devconsole-project.
[debug] [2026-03-19T09:52:46.133Z] FirebaseError: Request to https://firebase.googleapis.com/v1beta1/projects/viibetechnexus had HTTP Error: 401, Request had invalid authentication credentials. Expected OAuth 2 access token, login cookie or other valid authentication credential. See https://developers.google.com/identity/sign-in/web/devconsole-project.
    at responseToError (C:\Users\shaik\AppData\Roaming\npm\node_modules\firebase-tools\lib\responseToError.js:53:12)
    at RetryOperation._fn (C:\Users\shaik\AppData\Roaming\npm\node_modules\firebase-tools\lib\apiv2.js:330:77)
    at process.processTicksAndRejections (node:internal/process/task_queues:105:5)
[error] 
[error] Error: Failed to get Firebase project viibetechnexus. Please make sure the project exists and your account has permission to access it.
